"cc -o conftest -I/home/yeongsheng/.rbenv/versions/1.9.3-p392/include/ruby-1.9.1/x86_64-linux -I/home/yeongsheng/.rbenv/versions/1.9.3-p392/include/ruby-1.9.1/ruby/backward -I/home/yeongsheng/.rbenv/versions/1.9.3-p392/include/ruby-1.9.1 -I. -I'/home/yeongsheng/.rbenv/versions/1.9.3-p392/include'   -I'/home/yeongsheng/.rbenv/versions/1.9.3-p392/include'   -O3 -ggdb -Wall -Wextra -Wno-unused-parameter -Wno-parentheses -Wno-long-long -Wno-missing-field-initializers -Wpointer-arith -Wwrite-strings -Wdeclaration-after-statement -Wimplicit-function-declaration conftest.c  -L. -L/home/yeongsheng/.rbenv/versions/1.9.3-p392/lib -Wl,-R/home/yeongsheng/.rbenv/versions/1.9.3-p392/lib -L. -L'/home/yeongsheng/.rbenv/versions/1.9.3-p392/lib'  -rdynamic -Wl,-export-dynamic     -Wl,-R -Wl,/home/yeongsheng/.rbenv/versions/1.9.3-p392/lib -L/home/yeongsheng/.rbenv/versions/1.9.3-p392/lib -lruby-static  -lpthread -lrt -ldl -lcrypt -lm   -lc"
checked program was:
/* begin */
1: #include "ruby.h"
2: 
3: int main() {return 0;}
/* end */

"cc -I/home/yeongsheng/.rbenv/versions/1.9.3-p392/include/ruby-1.9.1/x86_64-linux -I/home/yeongsheng/.rbenv/versions/1.9.3-p392/include/ruby-1.9.1/ruby/backward -I/home/yeongsheng/.rbenv/versions/1.9.3-p392/include/ruby-1.9.1 -I. -I'/home/yeongsheng/.rbenv/versions/1.9.3-p392/include'   -I'/home/yeongsheng/.rbenv/versions/1.9.3-p392/include'   -O3 -ggdb -Wall -Wextra -Wno-unused-parameter -Wno-parentheses -Wno-long-long -Wno-missing-field-initializers -Wpointer-arith -Wwrite-strings -Wdeclaration-after-statement -Wimplicit-function-declaration   -c conftest.c"
conftest.c:5:3: error: #error 
conftest.c:6:1: error: expected identifier or ‘(’ before ‘>>’ token
checked program was:
/* begin */
1: #include "ruby.h"
2: 
3: /*top*/
4: #ifndef _WIN32
5: # error
6: >>>>>> _WIN32 undefined <<<<<<
7: #endif
/* end */

have_header: checking for termios.h... -------------------- yes

"cc -E -I/home/yeongsheng/.rbenv/versions/1.9.3-p392/include/ruby-1.9.1/x86_64-linux -I/home/yeongsheng/.rbenv/versions/1.9.3-p392/include/ruby-1.9.1/ruby/backward -I/home/yeongsheng/.rbenv/versions/1.9.3-p392/include/ruby-1.9.1 -I. -I'/home/yeongsheng/.rbenv/versions/1.9.3-p392/include'   -I'/home/yeongsheng/.rbenv/versions/1.9.3-p392/include'   -O3 -ggdb -Wall -Wextra -Wno-unused-parameter -Wno-parentheses -Wno-long-long -Wno-missing-field-initializers -Wpointer-arith -Wwrite-strings -Wdeclaration-after-statement -Wimplicit-function-declaration  conftest.c -o conftest.i"
checked program was:
/* begin */
1: #include "ruby.h"
2: 
3: #include <termios.h>
/* end */

--------------------

have_func: checking for cfmakeraw() in termios.h... -------------------- yes

"cc -o conftest -I/home/yeongsheng/.rbenv/versions/1.9.3-p392/include/ruby-1.9.1/x86_64-linux -I/home/yeongsheng/.rbenv/versions/1.9.3-p392/include/ruby-1.9.1/ruby/backward -I/home/yeongsheng/.rbenv/versions/1.9.3-p392/include/ruby-1.9.1 -I. -I'/home/yeongsheng/.rbenv/versions/1.9.3-p392/include'   -I'/home/yeongsheng/.rbenv/versions/1.9.3-p392/include'   -O3 -ggdb -Wall -Wextra -Wno-unused-parameter -Wno-parentheses -Wno-long-long -Wno-missing-field-initializers -Wpointer-arith -Wwrite-strings -Wdeclaration-after-statement -Wimplicit-function-declaration conftest.c  -L. -L/home/yeongsheng/.rbenv/versions/1.9.3-p392/lib -Wl,-R/home/yeongsheng/.rbenv/versions/1.9.3-p392/lib -L. -L'/home/yeongsheng/.rbenv/versions/1.9.3-p392/lib'  -rdynamic -Wl,-export-dynamic     -Wl,-R -Wl,/home/yeongsheng/.rbenv/versions/1.9.3-p392/lib -L/home/yeongsheng/.rbenv/versions/1.9.3-p392/lib -lruby-static  -lpthread -lrt -ldl -lcrypt -lm   -lc"
conftest.c: In function ‘t’:
conftest.c:7:28: warning: variable ‘p’ set but not used [-Wunused-but-set-variable]
checked program was:
/* begin */
1: #include "ruby.h"
2: 
3: #include <termios.h>
4: 
5: /*top*/
6: int main() {return 0;}
7: int t() { void ((*volatile p)()); p = (void ((*)()))cfmakeraw; return 0; }
/* end */

--------------------

"cc -I/home/yeongsheng/.rbenv/versions/1.9.3-p392/include/ruby-1.9.1/x86_64-linux -I/home/yeongsheng/.rbenv/versions/1.9.3-p392/include/ruby-1.9.1/ruby/backward -I/home/yeongsheng/.rbenv/versions/1.9.3-p392/include/ruby-1.9.1 -I. -I'/home/yeongsheng/.rbenv/versions/1.9.3-p392/include'   -I'/home/yeongsheng/.rbenv/versions/1.9.3-p392/include'   -O3 -ggdb -Wall -Wextra -Wno-unused-parameter -Wno-parentheses -Wno-long-long -Wno-missing-field-initializers -Wpointer-arith -Wwrite-strings -Wdeclaration-after-statement -Wimplicit-function-declaration   -c conftest.c"
checked program was:
/* begin */
1: #include "ruby.h"
2: 
3: #include <ruby.h>
4: /*top*/
5: #ifndef HAVE_RUBY_IO_H
6: # error
7: >>>>>> HAVE_RUBY_IO_H undefined <<<<<<
8: #endif
/* end */

have_header: checking for sys/ioctl.h... -------------------- yes

"cc -E -I/home/yeongsheng/.rbenv/versions/1.9.3-p392/include/ruby-1.9.1/x86_64-linux -I/home/yeongsheng/.rbenv/versions/1.9.3-p392/include/ruby-1.9.1/ruby/backward -I/home/yeongsheng/.rbenv/versions/1.9.3-p392/include/ruby-1.9.1 -I. -I'/home/yeongsheng/.rbenv/versions/1.9.3-p392/include'   -I'/home/yeongsheng/.rbenv/versions/1.9.3-p392/include'   -O3 -ggdb -Wall -Wextra -Wno-unused-parameter -Wno-parentheses -Wno-long-long -Wno-missing-field-initializers -Wpointer-arith -Wwrite-strings -Wdeclaration-after-statement -Wimplicit-function-declaration  conftest.c -o conftest.i"
checked program was:
/* begin */
1: #include "ruby.h"
2: 
3: #include <sys/ioctl.h>
/* end */

--------------------

have_func: checking for rb_check_hash_type() in ruby.h... -------------------- yes

"cc -o conftest -I/home/yeongsheng/.rbenv/versions/1.9.3-p392/include/ruby-1.9.1/x86_64-linux -I/home/yeongsheng/.rbenv/versions/1.9.3-p392/include/ruby-1.9.1/ruby/backward -I/home/yeongsheng/.rbenv/versions/1.9.3-p392/include/ruby-1.9.1 -I. -I'/home/yeongsheng/.rbenv/versions/1.9.3-p392/include'   -I'/home/yeongsheng/.rbenv/versions/1.9.3-p392/include'   -O3 -ggdb -Wall -Wextra -Wno-unused-parameter -Wno-parentheses -Wno-long-long -Wno-missing-field-initializers -Wpointer-arith -Wwrite-strings -Wdeclaration-after-statement -Wimplicit-function-declaration conftest.c  -L. -L/home/yeongsheng/.rbenv/versions/1.9.3-p392/lib -Wl,-R/home/yeongsheng/.rbenv/versions/1.9.3-p392/lib -L. -L'/home/yeongsheng/.rbenv/versions/1.9.3-p392/lib'  -rdynamic -Wl,-export-dynamic     -Wl,-R -Wl,/home/yeongsheng/.rbenv/versions/1.9.3-p392/lib -L/home/yeongsheng/.rbenv/versions/1.9.3-p392/lib -lruby-static  -lpthread -lrt -ldl -lcrypt -lm   -lc"
conftest.c: In function ‘t’:
conftest.c:7:28: warning: variable ‘p’ set but not used [-Wunused-but-set-variable]
checked program was:
/* begin */
1: #include "ruby.h"
2: 
3: #include <ruby.h>
4: 
5: /*top*/
6: int main() {return 0;}
7: int t() { void ((*volatile p)()); p = (void ((*)()))rb_check_hash_type; return 0; }
/* end */

--------------------

have_func: checking for rb_io_get_write_io() in ruby/io.h... -------------------- yes

"cc -o conftest -I/home/yeongsheng/.rbenv/versions/1.9.3-p392/include/ruby-1.9.1/x86_64-linux -I/home/yeongsheng/.rbenv/versions/1.9.3-p392/include/ruby-1.9.1/ruby/backward -I/home/yeongsheng/.rbenv/versions/1.9.3-p392/include/ruby-1.9.1 -I. -I'/home/yeongsheng/.rbenv/versions/1.9.3-p392/include'   -I'/home/yeongsheng/.rbenv/versions/1.9.3-p392/include'   -O3 -ggdb -Wall -Wextra -Wno-unused-parameter -Wno-parentheses -Wno-long-long -Wno-missing-field-initializers -Wpointer-arith -Wwrite-strings -Wdeclaration-after-statement -Wimplicit-function-declaration conftest.c  -L. -L/home/yeongsheng/.rbenv/versions/1.9.3-p392/lib -Wl,-R/home/yeongsheng/.rbenv/versions/1.9.3-p392/lib -L. -L'/home/yeongsheng/.rbenv/versions/1.9.3-p392/lib'  -rdynamic -Wl,-export-dynamic     -Wl,-R -Wl,/home/yeongsheng/.rbenv/versions/1.9.3-p392/lib -L/home/yeongsheng/.rbenv/versions/1.9.3-p392/lib -lruby-static  -lpthread -lrt -ldl -lcrypt -lm   -lc"
conftest.c: In function ‘t’:
conftest.c:7:28: warning: variable ‘p’ set but not used [-Wunused-but-set-variable]
checked program was:
/* begin */
1: #include "ruby.h"
2: 
3: #include <ruby/io.h>
4: 
5: /*top*/
6: int main() {return 0;}
7: int t() { void ((*volatile p)()); p = (void ((*)()))rb_io_get_write_io; return 0; }
/* end */

--------------------

have_func: checking for rb_cloexec_open() in ruby/io.h... -------------------- no

"cc -o conftest -I/home/yeongsheng/.rbenv/versions/1.9.3-p392/include/ruby-1.9.1/x86_64-linux -I/home/yeongsheng/.rbenv/versions/1.9.3-p392/include/ruby-1.9.1/ruby/backward -I/home/yeongsheng/.rbenv/versions/1.9.3-p392/include/ruby-1.9.1 -I. -I'/home/yeongsheng/.rbenv/versions/1.9.3-p392/include'   -I'/home/yeongsheng/.rbenv/versions/1.9.3-p392/include'   -O3 -ggdb -Wall -Wextra -Wno-unused-parameter -Wno-parentheses -Wno-long-long -Wno-missing-field-initializers -Wpointer-arith -Wwrite-strings -Wdeclaration-after-statement -Wimplicit-function-declaration conftest.c  -L. -L/home/yeongsheng/.rbenv/versions/1.9.3-p392/lib -Wl,-R/home/yeongsheng/.rbenv/versions/1.9.3-p392/lib -L. -L'/home/yeongsheng/.rbenv/versions/1.9.3-p392/lib'  -rdynamic -Wl,-export-dynamic     -Wl,-R -Wl,/home/yeongsheng/.rbenv/versions/1.9.3-p392/lib -L/home/yeongsheng/.rbenv/versions/1.9.3-p392/lib -lruby-static  -lpthread -lrt -ldl -lcrypt -lm   -lc"
conftest.c: In function ‘t’:
conftest.c:7:53: error: ‘rb_cloexec_open’ undeclared (first use in this function)
conftest.c:7:53: note: each undeclared identifier is reported only once for each function it appears in
conftest.c:7:28: warning: variable ‘p’ set but not used [-Wunused-but-set-variable]
checked program was:
/* begin */
1: #include "ruby.h"
2: 
3: #include <ruby/io.h>
4: 
5: /*top*/
6: int main() {return 0;}
7: int t() { void ((*volatile p)()); p = (void ((*)()))rb_cloexec_open; return 0; }
/* end */

"cc -o conftest -I/home/yeongsheng/.rbenv/versions/1.9.3-p392/include/ruby-1.9.1/x86_64-linux -I/home/yeongsheng/.rbenv/versions/1.9.3-p392/include/ruby-1.9.1/ruby/backward -I/home/yeongsheng/.rbenv/versions/1.9.3-p392/include/ruby-1.9.1 -I. -I'/home/yeongsheng/.rbenv/versions/1.9.3-p392/include'   -I'/home/yeongsheng/.rbenv/versions/1.9.3-p392/include'   -O3 -ggdb -Wall -Wextra -Wno-unused-parameter -Wno-parentheses -Wno-long-long -Wno-missing-field-initializers -Wpointer-arith -Wwrite-strings -Wdeclaration-after-statement -Wimplicit-function-declaration conftest.c  -L. -L/home/yeongsheng/.rbenv/versions/1.9.3-p392/lib -Wl,-R/home/yeongsheng/.rbenv/versions/1.9.3-p392/lib -L. -L'/home/yeongsheng/.rbenv/versions/1.9.3-p392/lib'  -rdynamic -Wl,-export-dynamic     -Wl,-R -Wl,/home/yeongsheng/.rbenv/versions/1.9.3-p392/lib -L/home/yeongsheng/.rbenv/versions/1.9.3-p392/lib -lruby-static  -lpthread -lrt -ldl -lcrypt -lm   -lc"
conftest.c: In function ‘t’:
conftest.c:7:1: warning: implicit declaration of function ‘rb_cloexec_open’ [-Wimplicit-function-declaration]
/tmp/ccgVKQeA.o: In function `t':
/home/yeongsheng/.rbenv/versions/1.9.3-p392/lib/ruby/gems/1.9.1/gems/io-console-0.4.2/conftest.c:7: undefined reference to `rb_cloexec_open'
collect2: error: ld returned 1 exit status
checked program was:
/* begin */
1: #include "ruby.h"
2: 
3: #include <ruby/io.h>
4: 
5: /*top*/
6: int main() {return 0;}
7: int t() { rb_cloexec_open(); return 0; }
/* end */

--------------------

